  [4;36;1mSQL (0.4ms)[0m   [0;1m SELECT name
 FROM sqlite_master
 WHERE type = 'table' AND NOT name = 'sqlite_sequence'
[0m
  [4;35;1mSQL (0.2ms)[0m   [0mselect sqlite_version(*)[0m
  [4;36;1mSQL (6.7ms)[0m   [0;1mCREATE TABLE "schema_migrations" ("version" varchar(255) NOT NULL) [0m
  [4;35;1mSQL (2.1ms)[0m   [0mCREATE UNIQUE INDEX "unique_schema_migrations" ON "schema_migrations" ("version")[0m
  [4;36;1mSQL (0.3ms)[0m   [0;1m SELECT name
 FROM sqlite_master
 WHERE type = 'table' AND NOT name = 'sqlite_sequence'
[0m
  [4;35;1mSQL (0.1ms)[0m   [0mSELECT version FROM schema_migrations[0m
Migrating to CreateWines (20100402171216)
  [4;36;1mSQL (0.6ms)[0m   [0;1mCREATE TABLE "wines" ("id" INTEGER PRIMARY KEY AUTOINCREMENT NOT NULL, "batch_number" integer, "name" varchar(255), "started" datetime, "created_at" datetime, "updated_at" datetime) [0m
  [4;35;1mSQL (0.4ms)[0m   [0mINSERT INTO schema_migrations (version) VALUES ('20100402171216')[0m
  [4;36;1mSQL (0.4ms)[0m   [0;1m SELECT name
 FROM sqlite_master
 WHERE type = 'table' AND NOT name = 'sqlite_sequence'
[0m
  [4;35;1mSQL (0.2ms)[0m   [0mSELECT version FROM schema_migrations[0m
  [4;36;1mSQL (0.3ms)[0m   [0;1m SELECT name
 FROM sqlite_master
 WHERE type = 'table' AND NOT name = 'sqlite_sequence'
[0m
  [4;35;1mSQL (0.1ms)[0m   [0mPRAGMA index_list("wines")[0m


Processing WinesController#new (for 127.0.0.1 at 2010-04-02 18:12:45) [GET]
Rendering template within layouts/application
Rendering wines/new
Rendered wines/_form (125.5ms)
Completed in 224ms (View: 153, DB: 0) | 200 OK [http://localhost/wines/new]


Processing WinesController#new (for 127.0.0.1 at 2010-04-02 18:14:20) [GET]
  [4;36;1mSQL (0.6ms)[0m   [0;1m SELECT name
 FROM sqlite_master
 WHERE type = 'table' AND NOT name = 'sqlite_sequence'
[0m
  [4;35;1mSQL (0.3ms)[0m   [0m SELECT name
 FROM sqlite_master
 WHERE type = 'table' AND NOT name = 'sqlite_sequence'
[0m

NoMethodError (undefined method `validate_presence_of' for #<Class:0xb7065bdc>):
  app/models/wine.rb:3
  app/controllers/wines_controller.rb:11:in `new'

Rendered rescues/_trace (149.3ms)
Rendered rescues/_request_and_response (2.0ms)
Rendering rescues/layout (internal_server_error)


Processing WinesController#new (for 127.0.0.1 at 2010-04-02 18:14:25) [GET]
Rendering template within layouts/application
Rendering wines/new
Rendered wines/_form (19.3ms)
Completed in 41ms (View: 29, DB: 0) | 200 OK [http://localhost/wines/new]


Processing WinesController#create (for 127.0.0.1 at 2010-04-02 18:14:28) [POST]
  Parameters: {"commit"=>"Submit", "wine"=>{"name"=>"", "started(1i)"=>"2010", "started(2i)"=>"4", "started(3i)"=>"2", "batch_number"=>"", "started(4i)"=>"17", "started(5i)"=>"11"}, "authenticity_token"=>"r3p3RY3gw12fJNlQ2XCSv0++i2c/p/ukFmJL/WFXQao="}
Rendering template within layouts/application
Rendering wines/new
Rendered wines/_form (24.1ms)
Completed in 38ms (View: 26, DB: 0) | 200 OK [http://localhost/wines]


Processing WinesController#new (for 127.0.0.1 at 2010-04-02 18:16:45) [GET]
Rendering template within layouts/application
Rendering wines/new
Rendered wines/_form (32.3ms)
Completed in 56ms (View: 49, DB: 0) | 200 OK [http://localhost/wines/new]


Processing WinesController#new (for 127.0.0.1 at 2010-04-02 18:16:54) [GET]
Rendering template within layouts/application
Rendering wines/new
Rendered wines/_form (175.6ms)
Completed in 191ms (View: 183, DB: 0) | 200 OK [http://localhost/wines/new]


Processing WinesController#new (for 127.0.0.1 at 2010-04-02 18:17:37) [GET]
Rendering template within layouts/application
Rendering wines/new
Rendered wines/_form (22.6ms)
Completed in 41ms (View: 32, DB: 0) | 200 OK [http://localhost/wines/new]


Processing WinesController#new (for 127.0.0.1 at 2010-04-02 18:19:42) [GET]
Rendering template within layouts/application
Rendering wines/new
Rendered wines/_form (67.6ms)
Completed in 109ms (View: 101, DB: 0) | 200 OK [http://localhost/wines/new]


Processing WinesController#new (for 127.0.0.1 at 2010-04-02 18:19:46) [GET]
Rendering template within layouts/application
Rendering wines/new
Rendered wines/_form (24.4ms)
Completed in 39ms (View: 31, DB: 0) | 200 OK [http://localhost/wines/new]


Processing WinesController#new (for 127.0.0.1 at 2010-04-02 18:20:14) [GET]
Rendering template within layouts/application
Rendering wines/new
Rendered wines/_form (103.0ms)
Completed in 121ms (View: 112, DB: 0) | 200 OK [http://localhost/wines/new]


Processing WinesController#new (for 127.0.0.1 at 2010-04-02 18:20:20) [GET]
Rendering template within layouts/application
Rendering wines/new
Rendered wines/_form (26.5ms)
Completed in 43ms (View: 34, DB: 0) | 200 OK [http://localhost/wines/new]


Processing WinesController#create (for 127.0.0.1 at 2010-04-02 18:21:23) [POST]
  Parameters: {"commit"=>"Submit", "wine"=>{"name"=>"Joe's Ancient Orange Mead", "started(1i)"=>"2010", "started(2i)"=>"4", "started(3i)"=>"2", "batch_number"=>"3", "started(4i)"=>"17", "started(5i)"=>"16"}, "authenticity_token"=>"r3p3RY3gw12fJNlQ2XCSv0++i2c/p/ukFmJL/WFXQao="}
  [4;36;1mWine Create (0.7ms)[0m   [0;1mINSERT INTO "wines" ("name", "created_at", "batch_number", "updated_at", "started") VALUES('Joe''s Ancient Orange Mead', '2010-04-02 17:21:23', 3, '2010-04-02 17:21:23', '2010-04-02 17:16:00')[0m
Redirected to http://localhost:3000/wines/1
Completed in 18ms (DB: 1) | 302 Found [http://localhost/wines]


Processing WinesController#show (for 127.0.0.1 at 2010-04-02 18:21:23) [GET]
  Parameters: {"id"=>"1"}
  [4;35;1mWine Load (0.4ms)[0m   [0mSELECT * FROM "wines" WHERE ("wines"."id" = 1) [0m
Rendering template within layouts/application
Rendering wines/show
Completed in 28ms (View: 16, DB: 0) | 200 OK [http://localhost/wines/1]


Processing WinesController#show (for 127.0.0.1 at 2010-04-02 18:23:26) [GET]
  Parameters: {"id"=>"1"}
  [4;36;1mWine Load (0.4ms)[0m   [0;1mSELECT * FROM "wines" WHERE ("wines"."id" = 1) [0m
Rendering template within layouts/application
Rendering wines/show
Completed in 28ms (View: 19, DB: 0) | 200 OK [http://localhost/wines/1]


Processing WinesController#show (for 127.0.0.1 at 2010-04-02 18:23:42) [GET]
  Parameters: {"id"=>"1"}
  [4;35;1mWine Load (0.3ms)[0m   [0mSELECT * FROM "wines" WHERE ("wines"."id" = 1) [0m
Rendering template within layouts/application
Rendering wines/show
Completed in 41ms (View: 29, DB: 0) | 200 OK [http://localhost/wines/1]
